[I 2025-06-18 15:12:19.666 ServerApp] Extension package jupyter_lsp took 1.9114s to import
[I 2025-06-18 15:12:20.379 ServerApp] Extension package jupyter_server_terminals took 0.7121s to import
[I 2025-06-18 15:12:24.132 ServerApp] jupyter_lsp | extension was successfully linked.
[I 2025-06-18 15:12:24.139 ServerApp] jupyter_server_terminals | extension was successfully linked.
[I 2025-06-18 15:12:24.146 ServerApp] jupyterlab | extension was successfully linked.
[I 2025-06-18 15:12:24.156 ServerApp] notebook | extension was successfully linked.
[I 2025-06-18 15:12:53.607 ServerApp] notebook_shim | extension was successfully linked.
[I 2025-06-18 15:12:54.497 ServerApp] notebook_shim | extension was successfully loaded.
[I 2025-06-18 15:12:54.499 ServerApp] jupyter_lsp | extension was successfully loaded.
[I 2025-06-18 15:12:54.500 ServerApp] jupyter_server_terminals | extension was successfully loaded.
[I 2025-06-18 15:12:54.514 LabApp] JupyterLab extension loaded from /scratch/user/yining_yang/.conda/envs/laprot-dev/lib/python3.11/site-packages/jupyterlab
[I 2025-06-18 15:12:54.514 LabApp] JupyterLab application directory is /scratch/user/yining_yang/.conda/envs/laprot-dev/share/jupyter/lab
[I 2025-06-18 15:12:54.515 LabApp] Extension Manager is 'pypi'.
[I 2025-06-18 15:12:56.146 ServerApp] jupyterlab | extension was successfully loaded.
[I 2025-06-18 15:12:56.154 ServerApp] notebook | extension was successfully loaded.
[I 2025-06-18 15:12:56.154 ServerApp] Serving notebooks from local directory: /scratch/user/yining_yang/TAMU/PhD/LaProt
[I 2025-06-18 15:12:56.154 ServerApp] Jupyter Server 2.16.0 is running at:
[I 2025-06-18 15:12:56.154 ServerApp] http://localhost:8888/tree?token=7bb502156e4e7cd12310dcb2067f6cb3577ec1691fd43f5f
[I 2025-06-18 15:12:56.154 ServerApp]     http://127.0.0.1:8888/tree?token=7bb502156e4e7cd12310dcb2067f6cb3577ec1691fd43f5f
[I 2025-06-18 15:12:56.154 ServerApp] Use Control-C to stop this server and shut down all kernels (twice to skip confirmation).
[C 2025-06-18 15:12:56.247 ServerApp] 
    
    To access the server, open this file in a browser:
        file:///home/yining_yang/.local/share/jupyter/runtime/jpserver-2630998-open.html
    Or copy and paste one of these URLs:
        http://localhost:8888/tree?token=7bb502156e4e7cd12310dcb2067f6cb3577ec1691fd43f5f
        http://127.0.0.1:8888/tree?token=7bb502156e4e7cd12310dcb2067f6cb3577ec1691fd43f5f
[I 2025-06-18 15:12:56.342 ServerApp] Skipped non-installed server(s): bash-language-server, dockerfile-language-server-nodejs, javascript-typescript-langserver, jedi-language-server, julia-language-server, pyright, python-language-server, python-lsp-server, r-languageserver, sql-language-server, texlab, typescript-language-server, unified-language-server, vscode-css-languageserver-bin, vscode-html-languageserver-bin, vscode-json-languageserver-bin, yaml-language-server
Unable to connect to VS Code server: Error in request.
Error: connect ENOENT /run/user/28511/vscode-ipc-9be89839-82e0-4c7f-b94b-9f99c4b16cea.sock
    at PipeConnectWrap.afterConnect [as oncomplete] (node:net:1611:16) {
  errno: -2,
  code: 'ENOENT',
  syscall: 'connect',
  address: '/run/user/28511/vscode-ipc-9be89839-82e0-4c7f-b94b-9f99c4b16cea.sock'
}
slurmstepd: error: *** JOB 15572347 ON g003 CANCELLED AT 2025-06-18T15:16:02 ***
